2025-05-28 13:04:18.677 [main] INFO  ‚ïê‚ïê‚ïê‚ïê‚ïê‚ïê‚ïê‚ïê‚ïê‚ïê‚ïê‚ïê‚ïê‚ïê‚ïê‚ïê‚ïê‚ïê‚ïê‚ïê‚ïê‚ïê‚ïê‚ïê‚ïê‚ïê‚ïê‚ïê‚ïê‚ïê‚ïê‚ïê‚ïê‚ïê‚ïê‚ïê‚ïê‚ïê‚ïê‚ïê‚ïê‚ïê‚ïê
üöÄ –ù–ê–ß–ê–õ–û –¢–ï–°–¢–ê: successfulRegisterTest
üìÅ –õ–æ–≥–∏ –±—É–¥—É—Ç —Å–æ—Ö—Ä–∞–Ω–µ–Ω—ã –≤: target/logs/successfulRegisterTest_20250528_130418_c28e64.log
‚ïê‚ïê‚ïê‚ïê‚ïê‚ïê‚ïê‚ïê‚ïê‚ïê‚ïê‚ïê‚ïê‚ïê‚ïê‚ïê‚ïê‚ïê‚ïê‚ïê‚ïê‚ïê‚ïê‚ïê‚ïê‚ïê‚ïê‚ïê‚ïê‚ïê‚ïê‚ïê‚ïê‚ïê‚ïê‚ïê‚ïê‚ïê‚ïê‚ïê‚ïê‚ïê‚ïê
2025-05-28 13:04:18.816 [main] INFO  –£—Å—Ç–∞–Ω–æ–≤–∫–∞ –ª–æ–∫–∞–ª—å–Ω–æ–≥–æ –±—Ä–∞—É–∑–µ—Ä–∞: chrome 120.0
2025-05-28 13:04:18.817 [main] INFO  –õ–æ–∫–∞–ª—å–Ω—ã–π –±—Ä–∞—É–∑–µ—Ä –Ω–∞—Å—Ç—Ä–æ–µ–Ω: chrome 120.0
2025-05-28 13:04:18.818 [main] INFO  –ù–∞—Å—Ç—Ä–æ–π–∫–∏ –±—Ä–∞—É–∑–µ—Ä–∞ —É—Å—Ç–∞–Ω–æ–≤–ª–µ–Ω—ã
2025-05-28 13:04:18.873 [main] INFO  Selenide START: open | https://frutonyanya.ru/
2025-05-28 13:04:18.877 [main] INFO  Selenide START: webdriver | create()
2025-05-28 13:04:25.824 [main] INFO  Selenide PASS: webdriver | create() | 6946ms
2025-05-28 13:04:27.551 [main] INFO  Selenide PASS: open | https://frutonyanya.ru/ | 8678ms
2025-05-28 13:04:27.712 [main] INFO  [–®–ê–ì] 2025-05-28 13:04:27.711: –ü—Ä–æ–≤–µ—Ä–∫–∞ –∑–∞–≥—Ä—É–∑–∫–∏ –≥–ª–∞–≤–Ω–æ–π —Å—Ç—Ä–∞–Ω–∏—Ü—ã
2025-05-28 13:04:27.739 [main] INFO  Selenide START: .page__wrapper | should be(visible)
2025-05-28 13:05:29.945 [main] ERROR Selenide FAIL: .page__wrapper | should be(visible) | 62205ms
2025-05-28 13:05:29.970 [main] ERROR –¢–µ—Å—Ç —É–ø–∞–ª: successfulRegisterTest
com.codeborne.selenide.ex.ElementNotFound: Element not found {.page__wrapper}
Expected: visible
Screenshot: file:/C:/Users/–î–µ–Ω–∏—Å/IdeaProjects/test-framework/target/allure-results/1748401527754.0.png
Page source: file:/C:/Users/–î–µ–Ω–∏—Å/IdeaProjects/test-framework/target/allure-results/1748401527754.0.html
Timeout: 60 s.
Caused by: NoSuchElementException: no such element: Unable to locate element: {"method":"css selector","selector":".page__wrapper"}
	at com.codeborne.selenide.impl.WebElementSource.createElementNotFoundError(WebElementSource.java:91) ~[selenide-core-6.19.1.jar:6.19.1]
	at com.codeborne.selenide.impl.ElementFinder.createElementNotFoundError(ElementFinder.java:142) ~[selenide-core-6.19.1.jar:6.19.1]
	at com.codeborne.selenide.impl.WebElementSource.handleError(WebElementSource.java:143) ~[selenide-core-6.19.1.jar:6.19.1]
	at com.codeborne.selenide.impl.WebElementSource.checkConditionAndReturnElement(WebElementSource.java:127) ~[selenide-core-6.19.1.jar:6.19.1]
	at com.codeborne.selenide.impl.WebElementSource.checkCondition(WebElementSource.java:104) ~[selenide-core-6.19.1.jar:6.19.1]
	at com.codeborne.selenide.commands.Should.execute(Should.java:30) ~[selenide-core-6.19.1.jar:6.19.1]
	at com.codeborne.selenide.commands.Should.execute(Should.java:14) ~[selenide-core-6.19.1.jar:6.19.1]
	at com.codeborne.selenide.commands.Commands.execute(Commands.java:165) ~[selenide-core-6.19.1.jar:6.19.1]
	at com.codeborne.selenide.impl.SelenideElementProxy.dispatchAndRetry(SelenideElementProxy.java:132) ~[selenide-core-6.19.1.jar:6.19.1]
	at com.codeborne.selenide.impl.SelenideElementProxy.invoke(SelenideElementProxy.java:84) ~[selenide-core-6.19.1.jar:6.19.1]
	at jdk.proxy2.$Proxy44.shouldBe(Unknown Source) ~[?:?]
	at com.framework.ui.pom.MainPage.isLoaded(MainPage.java:49) ~[classes/:?]
	at com.ui.SuccessfulRegisterTest.successfulRegisterTest(SuccessfulRegisterTest.java:28) ~[test-classes/:?]
	at jdk.internal.reflect.DirectMethodHandleAccessor.invoke(DirectMethodHandleAccessor.java:103) ~[?:?]
	at java.lang.reflect.Method.invoke(Method.java:580) ~[?:?]
	at org.testng.internal.invokers.MethodInvocationHelper.invokeMethod(MethodInvocationHelper.java:139) ~[testng-7.8.0.jar:7.8.0]
	at org.testng.internal.invokers.TestInvoker.invokeMethod(TestInvoker.java:664) ~[testng-7.8.0.jar:7.8.0]
	at org.testng.internal.invokers.TestInvoker.invokeTestMethod(TestInvoker.java:227) ~[testng-7.8.0.jar:7.8.0]
	at org.testng.internal.invokers.MethodRunner.runInSequence(MethodRunner.java:50) ~[testng-7.8.0.jar:7.8.0]
	at org.testng.internal.invokers.TestInvoker$MethodInvocationAgent.invoke(TestInvoker.java:957) ~[testng-7.8.0.jar:7.8.0]
	at org.testng.internal.invokers.TestInvoker.invokeTestMethods(TestInvoker.java:200) ~[testng-7.8.0.jar:7.8.0]
	at org.testng.internal.invokers.TestMethodWorker.invokeTestMethods(TestMethodWorker.java:148) ~[testng-7.8.0.jar:7.8.0]
	at org.testng.internal.invokers.TestMethodWorker.run(TestMethodWorker.java:128) ~[testng-7.8.0.jar:7.8.0]
	at java.util.ArrayList.forEach(ArrayList.java:1596) [?:?]
	at org.testng.TestRunner.privateRun(TestRunner.java:848) [testng-7.8.0.jar:7.8.0]
	at org.testng.TestRunner.run(TestRunner.java:621) [testng-7.8.0.jar:7.8.0]
	at org.testng.SuiteRunner.runTest(SuiteRunner.java:443) [testng-7.8.0.jar:7.8.0]
	at org.testng.SuiteRunner.runSequentially(SuiteRunner.java:437) [testng-7.8.0.jar:7.8.0]
	at org.testng.SuiteRunner.privateRun(SuiteRunner.java:397) [testng-7.8.0.jar:7.8.0]
	at org.testng.SuiteRunner.run(SuiteRunner.java:336) [testng-7.8.0.jar:7.8.0]
	at org.testng.SuiteRunnerWorker.runSuite(SuiteRunnerWorker.java:52) [testng-7.8.0.jar:7.8.0]
	at org.testng.SuiteRunnerWorker.run(SuiteRunnerWorker.java:95) [testng-7.8.0.jar:7.8.0]
	at org.testng.TestNG.runSuitesSequentially(TestNG.java:1280) [testng-7.8.0.jar:7.8.0]
	at org.testng.TestNG.runSuitesLocally(TestNG.java:1200) [testng-7.8.0.jar:7.8.0]
	at org.testng.TestNG.runSuites(TestNG.java:1114) [testng-7.8.0.jar:7.8.0]
	at org.testng.TestNG.run(TestNG.java:1082) [testng-7.8.0.jar:7.8.0]
	at org.apache.maven.surefire.testng.TestNGExecutor.run(TestNGExecutor.java:308) [surefire-testng-3.1.2.jar:3.1.2]
	at org.apache.maven.surefire.testng.TestNGXmlTestSuite.execute(TestNGXmlTestSuite.java:71) [surefire-testng-3.1.2.jar:3.1.2]
	at org.apache.maven.surefire.testng.TestNGProvider.invoke(TestNGProvider.java:113) [surefire-testng-3.1.2.jar:3.1.2]
	at org.apache.maven.surefire.booter.ForkedBooter.runSuitesInProcess(ForkedBooter.java:385) [surefire-booter-3.1.2.jar:3.1.2]
	at org.apache.maven.surefire.booter.ForkedBooter.execute(ForkedBooter.java:162) [surefire-booter-3.1.2.jar:3.1.2]
	at org.apache.maven.surefire.booter.ForkedBooter.run(ForkedBooter.java:507) [surefire-booter-3.1.2.jar:3.1.2]
	at org.apache.maven.surefire.booter.ForkedBooter.main(ForkedBooter.java:495) [surefire-booter-3.1.2.jar:3.1.2]
Caused by: org.openqa.selenium.NoSuchElementException: no such element: Unable to locate element: {"method":"css selector","selector":".page__wrapper"}
  (Session info: chrome=120.0.6099.109)
For documentation on this error, please visit: https://www.selenium.dev/documentation/webdriver/troubleshooting/errors#no-such-element-exception
Build info: version: '4.13.0', revision: 'ba948ece5b*'
System info: os.name: 'Windows 11', os.arch: 'amd64', os.version: '10.0', java.version: '21.0.7'
Driver info: org.openqa.selenium.chrome.ChromeDriver
Command: [3828a4ee28c322b3194aaca18ebc49bf, findElement {using=css selector, value=.page__wrapper}]
Capabilities {acceptInsecureCerts: true, browserName: chrome, browserVersion: 120.0.6099.109, chrome: {chromedriverVersion: 120.0.6099.109 (3419140ab66..., userDataDir: C:\Users\17D3~1\AppData\Loc...}, fedcm:accounts: true, goog:chromeOptions: {debuggerAddress: localhost:57673}, networkConnectionEnabled: false, pageLoadStrategy: normal, platformName: windows, proxy: Proxy(), se:cdp: ws://localhost:57673/devtoo..., se:cdpVersion: 120.0.6099.109, setWindowRect: true, strictFileInteractability: false, timeouts: {implicit: 0, pageLoad: 300000, script: 30000}, unhandledPromptBehavior: accept, webauthn:extension:credBlob: true, webauthn:extension:largeBlob: true, webauthn:extension:minPinLength: true, webauthn:extension:prf: true, webauthn:virtualAuthenticators: true}
Session ID: 3828a4ee28c322b3194aaca18ebc49bf
	at jdk.internal.reflect.DirectConstructorHandleAccessor.newInstance(DirectConstructorHandleAccessor.java:62) ~[?:?]
	at java.lang.reflect.Constructor.newInstanceWithCaller(Constructor.java:502) ~[?:?]
	at java.lang.reflect.Constructor.newInstance(Constructor.java:486) ~[?:?]
	at org.openqa.selenium.remote.codec.w3c.W3CHttpResponseCodec.createException(W3CHttpResponseCodec.java:200) ~[selenium-remote-driver-4.13.0.jar:?]
	at org.openqa.selenium.remote.codec.w3c.W3CHttpResponseCodec.decode(W3CHttpResponseCodec.java:133) ~[selenium-remote-driver-4.13.0.jar:?]
	at org.openqa.selenium.remote.codec.w3c.W3CHttpResponseCodec.decode(W3CHttpResponseCodec.java:52) ~[selenium-remote-driver-4.13.0.jar:?]
	at org.openqa.selenium.remote.HttpCommandExecutor.execute(HttpCommandExecutor.java:191) ~[selenium-remote-driver-4.13.0.jar:?]
	at org.openqa.selenium.remote.service.DriverCommandExecutor.invokeExecute(DriverCommandExecutor.java:196) ~[selenium-remote-driver-4.13.0.jar:?]
	at org.openqa.selenium.remote.service.DriverCommandExecutor.execute(DriverCommandExecutor.java:171) ~[selenium-remote-driver-4.13.0.jar:?]
	at org.openqa.selenium.remote.RemoteWebDriver.execute(RemoteWebDriver.java:602) ~[selenium-remote-driver-4.13.0.jar:?]
	at org.openqa.selenium.remote.ElementLocation$ElementFinder$2.findElement(ElementLocation.java:165) ~[selenium-remote-driver-4.13.0.jar:?]
	at org.openqa.selenium.remote.ElementLocation.findElement(ElementLocation.java:59) ~[selenium-remote-driver-4.13.0.jar:?]
	at org.openqa.selenium.remote.RemoteWebDriver.findElement(RemoteWebDriver.java:359) ~[selenium-remote-driver-4.13.0.jar:?]
	at org.openqa.selenium.remote.RemoteWebDriver.findElement(RemoteWebDriver.java:353) ~[selenium-remote-driver-4.13.0.jar:?]
	at com.codeborne.selenide.impl.WebElementSelector.findElement(WebElementSelector.java:70) ~[selenide-core-6.19.1.jar:6.19.1]
	at com.codeborne.selenide.impl.WebElementSelector.findElement(WebElementSelector.java:44) ~[selenide-core-6.19.1.jar:6.19.1]
	at com.codeborne.selenide.impl.WebElementSelector.findElement(WebElementSelector.java:33) ~[selenide-core-6.19.1.jar:6.19.1]
	at com.codeborne.selenide.impl.ElementFinder.getWebElement(ElementFinder.java:122) ~[selenide-core-6.19.1.jar:6.19.1]
	at com.codeborne.selenide.impl.WebElementSource.checkConditionAndReturnElement(WebElementSource.java:116) ~[selenide-core-6.19.1.jar:6.19.1]
	... 39 more
2025-05-28 13:05:30.896 [main] INFO  –°–¥–µ–ª–∞–Ω —Å–∫—Ä–∏–Ω—à–æ—Ç: –ó–∞–≤–µ—Ä—à–µ–Ω–∏–µ —Ç–µ—Å—Ç–∞
2025-05-28 13:05:30.896 [main] INFO  –û—á–∏—Å—Ç–∫–∞ –∫—É–∫–æ–≤
2025-05-28 13:05:30.920 [main] INFO  –ö—É–∫–∏ –æ—á–∏—â–µ–Ω—ã
2025-05-28 13:05:30.921 [main] INFO  Selenide START: webdriver | close()
2025-05-28 13:05:31.245 [main] INFO  Selenide PASS: webdriver | close() | 324ms
2025-05-28 13:05:31.256 [main] INFO  ‚ïê‚ïê‚ïê‚ïê‚ïê‚ïê‚ïê‚ïê‚ïê‚ïê‚ïê‚ïê‚ïê‚ïê‚ïê‚ïê‚ïê‚ïê‚ïê‚ïê‚ïê‚ïê‚ïê‚ïê‚ïê‚ïê‚ïê‚ïê‚ïê‚ïê‚ïê‚ïê‚ïê‚ïê‚ïê‚ïê‚ïê‚ïê‚ïê‚ïê‚ïê‚ïê‚ïê
‚ùå –ö–û–ù–ï–¶ –¢–ï–°–¢–ê: successfulRegisterTest
‚è± –í—Ä–µ–º—è –≤—ã–ø–æ–ª–Ω–µ–Ω–∏—è: 72575 –º—Å
‚ïê‚ïê‚ïê‚ïê‚ïê‚ïê‚ïê‚ïê‚ïê‚ïê‚ïê‚ïê‚ïê‚ïê‚ïê‚ïê‚ïê‚ïê‚ïê‚ïê‚ïê‚ïê‚ïê‚ïê‚ïê‚ïê‚ïê‚ïê‚ïê‚ïê‚ïê‚ïê‚ïê‚ïê‚ïê‚ïê‚ïê‚ïê‚ïê‚ïê‚ïê‚ïê‚ïê
